<?xml version="1.0" encoding="UTF-8"?>
<robot generator="Robot 7.2.2 (Python 3.13.1 on win32)" generated="2025-08-01T23:08:20.767536" rpa="false" schemaversion="5">
<suite id="s1" name="Mobile" source="c:\Users\HP ELITEBOKK\Desktop\lab4\testcases\mobile.robot">
<kw name="Open Application MyApp" owner="common" type="SETUP">
<kw name="Open Application" owner="AppiumLibrary">
<arg>${REMOTE_URL}</arg>
<arg>platformName=${PLATFORM_NAME}</arg>
<arg>deviceName=${DEVICE_NAME}</arg>
<arg>automationName=${AUTOMATION_NAME}</arg>
<arg>appPackage=${APP_PACKAGE}</arg>
<arg>appActivity=${APP_ACTIVITY}</arg>
<arg>noReset=true</arg>
<doc>Opens a new application to given Appium server.
Capabilities of appium server, Android and iOS,
Please check https://appium.io/docs/en/2.1/cli/args/
| *Option*            | *Man.* | *Description*     |
| remote_url          | Yes    | Appium server url |
| alias               | no     | alias             |
| strict_ssl          | No     | allows you to send commands to an invalid certificate host like a self-signed one. |</doc>
<status status="PASS" start="2025-08-01T23:08:22.061854" elapsed="68.939710"/>
</kw>
<status status="PASS" start="2025-08-01T23:08:22.059998" elapsed="68.948619"/>
</kw>
<test id="s1-t1" name="Complete Product Management Flow" line="11">
<kw name="Enter username" owner="common">
<kw name="Wait Until Page Contains Element" owner="AppiumLibrary">
<msg time="2025-08-01T23:09:49.472689" level="INFO">xpath criteria: //android.widget.FrameLayout[@resource-id="android:id/content"]/android.widget.FrameLayout/android.view.View/android.view.View/android.view.View/android.view.View/android.widget.EditText[1]</msg>
<arg>${USERNAME}</arg>
<arg>10s</arg>
<doc>Waits until element specified with `locator` appears on current page.</doc>
<status status="PASS" start="2025-08-01T23:09:31.040009" elapsed="19.074134"/>
</kw>
<kw name="Click Element" owner="AppiumLibrary">
<msg time="2025-08-01T23:09:50.132632" level="INFO">Clicking element '//android.widget.FrameLayout[@resource-id="android:id/content"]/android.widget.FrameLayout/android.view.View/android.view.View/android.view.View/android.view.View/android.widget.EditText[1]'.</msg>
<msg time="2025-08-01T23:09:50.972409" level="INFO">xpath criteria: //android.widget.FrameLayout[@resource-id="android:id/content"]/android.widget.FrameLayout/android.view.View/android.view.View/android.view.View/android.view.View/android.widget.EditText[1]</msg>
<arg>${USERNAME}</arg>
<doc>Click element identified by `locator`.</doc>
<status status="PASS" start="2025-08-01T23:09:50.117901" elapsed="0.855135"/>
</kw>
<kw name="Clear Text" owner="AppiumLibrary">
<msg time="2025-08-01T23:09:50.980988" level="INFO">Clear text field '//android.widget.FrameLayout[@resource-id="android:id/content"]/android.widget.FrameLayout/android.view.View/android.view.View/android.view.View/android.view.View/android.widget.EditText[1]'</msg>
<msg time="2025-08-01T23:09:51.973556" level="INFO">xpath criteria: //android.widget.FrameLayout[@resource-id="android:id/content"]/android.widget.FrameLayout/android.view.View/android.view.View/android.view.View/android.view.View/android.widget.EditText[1]</msg>
<arg>${USERNAME}</arg>
<doc>Clears the text field identified by `locator`.</doc>
<status status="PASS" start="2025-08-01T23:09:50.973795" elapsed="1.000727"/>
</kw>
<kw name="Input Text" owner="AppiumLibrary">
<msg time="2025-08-01T23:09:51.983928" level="INFO">Typing text 'johnd' into text field '//android.widget.FrameLayout[@resource-id="android:id/content"]/android.widget.FrameLayout/android.view.View/android.view.View/android.view.View/android.view.View/android.widget.EditText[1]'</msg>
<msg time="2025-08-01T23:09:52.638426" level="INFO">xpath criteria: //android.widget.FrameLayout[@resource-id="android:id/content"]/android.widget.FrameLayout/android.view.View/android.view.View/android.view.View/android.view.View/android.widget.EditText[1]</msg>
<arg>${USERNAME}</arg>
<arg>johnd</arg>
<doc>Types the given `text` into text field identified by `locator`.</doc>
<status status="PASS" start="2025-08-01T23:09:51.975573" elapsed="0.663706"/>
</kw>
<status status="PASS" start="2025-08-01T23:09:31.025424" elapsed="21.614450"/>
</kw>
<kw name="Enter password" owner="common">
<kw name="Wait Until Page Contains Element" owner="AppiumLibrary">
<msg time="2025-08-01T23:09:53.322390" level="INFO">xpath criteria: //android.widget.FrameLayout[@resource-id="android:id/content"]/android.widget.FrameLayout/android.view.View/android.view.View/android.view.View/android.view.View/android.widget.EditText[2]</msg>
<arg>${PASSWORD}</arg>
<arg>10s</arg>
<doc>Waits until element specified with `locator` appears on current page.</doc>
<status status="PASS" start="2025-08-01T23:09:52.647861" elapsed="0.675177"/>
</kw>
<kw name="Click Element" owner="AppiumLibrary">
<msg time="2025-08-01T23:09:53.332114" level="INFO">Clicking element '//android.widget.FrameLayout[@resource-id="android:id/content"]/android.widget.FrameLayout/android.view.View/android.view.View/android.view.View/android.view.View/android.widget.EditText[2]'.</msg>
<msg time="2025-08-01T23:09:54.753334" level="INFO">xpath criteria: //android.widget.FrameLayout[@resource-id="android:id/content"]/android.widget.FrameLayout/android.view.View/android.view.View/android.view.View/android.view.View/android.widget.EditText[2]</msg>
<arg>${PASSWORD}</arg>
<doc>Click element identified by `locator`.</doc>
<status status="PASS" start="2025-08-01T23:09:53.323921" elapsed="1.430120"/>
</kw>
<kw name="Clear Text" owner="AppiumLibrary">
<msg time="2025-08-01T23:09:54.760068" level="INFO">Clear text field '//android.widget.FrameLayout[@resource-id="android:id/content"]/android.widget.FrameLayout/android.view.View/android.view.View/android.view.View/android.view.View/android.widget.EditText[2]'</msg>
<msg time="2025-08-01T23:09:56.702016" level="INFO">xpath criteria: //android.widget.FrameLayout[@resource-id="android:id/content"]/android.widget.FrameLayout/android.view.View/android.view.View/android.view.View/android.view.View/android.widget.EditText[2]</msg>
<arg>${PASSWORD}</arg>
<doc>Clears the text field identified by `locator`.</doc>
<status status="PASS" start="2025-08-01T23:09:54.754768" elapsed="1.948185"/>
</kw>
<kw name="Input Password" owner="AppiumLibrary">
<msg time="2025-08-01T23:09:56.713344" level="INFO">Typing password into text field '//android.widget.FrameLayout[@resource-id="android:id/content"]/android.widget.FrameLayout/android.view.View/android.view.View/android.view.View/android.view.View/android.widget.EditText[2]'</msg>
<msg time="2025-08-01T23:09:57.825242" level="INFO">xpath criteria: //android.widget.FrameLayout[@resource-id="android:id/content"]/android.widget.FrameLayout/android.view.View/android.view.View/android.view.View/android.view.View/android.widget.EditText[2]</msg>
<arg>${PASSWORD}</arg>
<arg>m38rmF$</arg>
<doc>Types the given password into text field identified by `locator`.</doc>
<status status="PASS" start="2025-08-01T23:09:56.704826" elapsed="1.121210"/>
</kw>
<status status="PASS" start="2025-08-01T23:09:52.646374" elapsed="5.180934"/>
</kw>
<kw name="Log In" owner="common">
<kw name="Wait Until Page Contains Element" owner="AppiumLibrary">
<msg time="2025-08-01T23:09:58.719553" level="INFO">xpath criteria: //android.widget.Button[@content-desc="Se connecter"]</msg>
<arg>${LOGIN}</arg>
<arg>10s</arg>
<doc>Waits until element specified with `locator` appears on current page.</doc>
<status status="PASS" start="2025-08-01T23:09:57.889030" elapsed="0.832281"/>
</kw>
<kw name="Click Element" owner="AppiumLibrary">
<msg time="2025-08-01T23:09:58.726651" level="INFO">Clicking element '//android.widget.Button[@content-desc="Se connecter"]'.</msg>
<msg time="2025-08-01T23:09:59.355182" level="INFO">xpath criteria: //android.widget.Button[@content-desc="Se connecter"]</msg>
<arg>${LOGIN}</arg>
<doc>Click element identified by `locator`.</doc>
<status status="PASS" start="2025-08-01T23:09:58.722074" elapsed="0.633904"/>
</kw>
<kw name="Wait Until Page Contains Element" owner="AppiumLibrary">
<msg time="2025-08-01T23:10:00.585725" level="INFO">xpath criteria: //android.widget.FrameLayout[@resource-id="android:id/content"]/android.widget.FrameLayout/android.view.View/android.view.View/android.view.View/android.view.View/android.view.View[1]</msg>
<arg>${PAGE_FORM}</arg>
<arg>10s</arg>
<doc>Waits until element specified with `locator` appears on current page.</doc>
<status status="PASS" start="2025-08-01T23:09:59.357028" elapsed="1.229614"/>
</kw>
<status status="PASS" start="2025-08-01T23:09:57.887255" elapsed="2.700297"/>
</kw>
<kw name="Fill the Form" owner="common">
<kw name="Wait Until Element Is Visible" owner="AppiumLibrary">
<msg time="2025-08-01T23:10:02.351047" level="INFO">xpath criteria: //android.widget.FrameLayout[@resource-id="android:id/content"]/android.widget.FrameLayout/android.view.View/android.view.View/android.view.View/android.view.View/android.view.View[2]/android.view.View/android.widget.EditText[1]</msg>
<arg>${FORM_TITLE}</arg>
<arg>10s</arg>
<doc>Waits until element specified with `locator` is visible.</doc>
<status status="PASS" start="2025-08-01T23:10:00.633487" elapsed="1.719028"/>
</kw>
<kw name="Click Element" owner="AppiumLibrary">
<msg time="2025-08-01T23:10:02.358160" level="INFO">Clicking element '//android.widget.FrameLayout[@resource-id="android:id/content"]/android.widget.FrameLayout/android.view.View/android.view.View/android.view.View/android.view.View/android.view.View[2]/android.view.View/android.widget.EditText[1]'.</msg>
<msg time="2025-08-01T23:10:04.002953" level="INFO">xpath criteria: //android.widget.FrameLayout[@resource-id="android:id/content"]/android.widget.FrameLayout/android.view.View/android.view.View/android.view.View/android.view.View/android.view.View[2]/android.view.View/android.widget.EditText[1]</msg>
<arg>${FORM_TITLE}</arg>
<doc>Click element identified by `locator`.</doc>
<status status="PASS" start="2025-08-01T23:10:02.353315" elapsed="1.650318"/>
</kw>
<kw name="Input Text" owner="AppiumLibrary">
<msg time="2025-08-01T23:10:04.014320" level="INFO">Typing text 'Double Cheese Burger' into text field '//android.widget.FrameLayout[@resource-id="android:id/content"]/android.widget.FrameLayout/android.view.View/android.view.View/android.view.View/android.view.View/android.view.View[2]/android.view.View/android.widget.EditText[1]'</msg>
<msg time="2025-08-01T23:10:06.279742" level="INFO">xpath criteria: //android.widget.FrameLayout[@resource-id="android:id/content"]/android.widget.FrameLayout/android.view.View/android.view.View/android.view.View/android.view.View/android.view.View[2]/android.view.View/android.widget.EditText[1]</msg>
<arg>${FORM_TITLE}</arg>
<arg>Double Cheese Burger</arg>
<doc>Types the given `text` into text field identified by `locator`.</doc>
<status status="PASS" start="2025-08-01T23:10:04.004673" elapsed="2.276374"/>
</kw>
<kw name="Wait Until Element Is Visible" owner="AppiumLibrary">
<msg time="2025-08-01T23:10:07.504695" level="INFO">xpath criteria: //android.widget.FrameLayout[@resource-id="android:id/content"]/android.widget.FrameLayout/android.view.View/android.view.View/android.view.View/android.view.View/android.view.View[2]/android.view.View/android.widget.EditText[2]</msg>
<arg>${FORM_PRICE}</arg>
<arg>10s</arg>
<doc>Waits until element specified with `locator` is visible.</doc>
<status status="PASS" start="2025-08-01T23:10:06.282079" elapsed="1.227273"/>
</kw>
<kw name="Click Element" owner="AppiumLibrary">
<msg time="2025-08-01T23:10:07.517291" level="INFO">Clicking element '//android.widget.FrameLayout[@resource-id="android:id/content"]/android.widget.FrameLayout/android.view.View/android.view.View/android.view.View/android.view.View/android.view.View[2]/android.view.View/android.widget.EditText[2]'.</msg>
<msg time="2025-08-01T23:10:08.759598" level="INFO">xpath criteria: //android.widget.FrameLayout[@resource-id="android:id/content"]/android.widget.FrameLayout/android.view.View/android.view.View/android.view.View/android.view.View/android.view.View[2]/android.view.View/android.widget.EditText[2]</msg>
<arg>${FORM_PRICE}</arg>
<doc>Click element identified by `locator`.</doc>
<status status="PASS" start="2025-08-01T23:10:07.510756" elapsed="1.249509"/>
</kw>
<kw name="Input Text" owner="AppiumLibrary">
<msg time="2025-08-01T23:10:08.766849" level="INFO">Typing text '2000' into text field '//android.widget.FrameLayout[@resource-id="android:id/content"]/android.widget.FrameLayout/android.view.View/android.view.View/android.view.View/android.view.View/android.view.View[2]/android.view.View/android.widget.EditText[2]'</msg>
<msg time="2025-08-01T23:10:11.051663" level="INFO">xpath criteria: //android.widget.FrameLayout[@resource-id="android:id/content"]/android.widget.FrameLayout/android.view.View/android.view.View/android.view.View/android.view.View/android.view.View[2]/android.view.View/android.widget.EditText[2]</msg>
<arg>${FORM_PRICE}</arg>
<arg>2000</arg>
<doc>Types the given `text` into text field identified by `locator`.</doc>
<status status="PASS" start="2025-08-01T23:10:08.761181" elapsed="2.291125"/>
</kw>
<kw name="Wait Until Element Is Visible" owner="AppiumLibrary">
<msg time="2025-08-01T23:10:12.093552" level="INFO">xpath criteria: //android.widget.FrameLayout[@resource-id="android:id/content"]/android.widget.FrameLayout/android.view.View/android.view.View/android.view.View/android.view.View/android.view.View[2]/android.view.View/android.widget.EditText[3]</msg>
<arg>${FORM_DESCRIPTION}</arg>
<arg>10s</arg>
<doc>Waits until element specified with `locator` is visible.</doc>
<status status="PASS" start="2025-08-01T23:10:11.052962" elapsed="1.041371"/>
</kw>
<kw name="Click Element" owner="AppiumLibrary">
<msg time="2025-08-01T23:10:12.100998" level="INFO">Clicking element '//android.widget.FrameLayout[@resource-id="android:id/content"]/android.widget.FrameLayout/android.view.View/android.view.View/android.view.View/android.view.View/android.view.View[2]/android.view.View/android.widget.EditText[3]'.</msg>
<msg time="2025-08-01T23:10:17.121282" level="INFO">xpath criteria: //android.widget.FrameLayout[@resource-id="android:id/content"]/android.widget.FrameLayout/android.view.View/android.view.View/android.view.View/android.view.View/android.view.View[2]/android.view.View/android.widget.EditText[3]</msg>
<arg>${FORM_DESCRIPTION}</arg>
<doc>Click element identified by `locator`.</doc>
<status status="PASS" start="2025-08-01T23:10:12.095002" elapsed="5.027724"/>
</kw>
<kw name="Input Text" owner="AppiumLibrary">
<msg time="2025-08-01T23:10:17.136844" level="INFO">Typing text 'Meilleure offre du mois' into text field '//android.widget.FrameLayout[@resource-id="android:id/content"]/android.widget.FrameLayout/android.view.View/android.view.View/android.view.View/android.view.View/android.view.View[2]/android.view.View/android.widget.EditText[3]'</msg>
<msg time="2025-08-01T23:10:20.031913" level="INFO">xpath criteria: //android.widget.FrameLayout[@resource-id="android:id/content"]/android.widget.FrameLayout/android.view.View/android.view.View/android.view.View/android.view.View/android.view.View[2]/android.view.View/android.widget.EditText[3]</msg>
<arg>${FORM_DESCRIPTION}</arg>
<arg>Meilleure offre du mois</arg>
<doc>Types the given `text` into text field identified by `locator`.</doc>
<status status="PASS" start="2025-08-01T23:10:17.124889" elapsed="2.907951"/>
</kw>
<kw name="Wait Until Element Is Visible" owner="AppiumLibrary">
<msg time="2025-08-01T23:10:21.526162" level="INFO">xpath criteria: //android.widget.FrameLayout[@resource-id="android:id/content"]/android.widget.FrameLayout/android.view.View/android.view.View/android.view.View/android.view.View/android.view.View[2]/android.view.View/android.widget.EditText[4]</msg>
<arg>${FORM_CATEGORIE}</arg>
<arg>10s</arg>
<doc>Waits until element specified with `locator` is visible.</doc>
<status status="PASS" start="2025-08-01T23:10:20.033920" elapsed="1.493275"/>
</kw>
<kw name="Click Element" owner="AppiumLibrary">
<msg time="2025-08-01T23:10:21.533362" level="INFO">Clicking element '//android.widget.FrameLayout[@resource-id="android:id/content"]/android.widget.FrameLayout/android.view.View/android.view.View/android.view.View/android.view.View/android.view.View[2]/android.view.View/android.widget.EditText[4]'.</msg>
<msg time="2025-08-01T23:10:22.327274" level="INFO">xpath criteria: //android.widget.FrameLayout[@resource-id="android:id/content"]/android.widget.FrameLayout/android.view.View/android.view.View/android.view.View/android.view.View/android.view.View[2]/android.view.View/android.widget.EditText[4]</msg>
<arg>${FORM_CATEGORIE}</arg>
<doc>Click element identified by `locator`.</doc>
<status status="PASS" start="2025-08-01T23:10:21.528053" elapsed="0.800877"/>
</kw>
<kw name="Input Text" owner="AppiumLibrary">
<msg time="2025-08-01T23:10:22.338486" level="INFO">Typing text 'Burgers' into text field '//android.widget.FrameLayout[@resource-id="android:id/content"]/android.widget.FrameLayout/android.view.View/android.view.View/android.view.View/android.view.View/android.view.View[2]/android.view.View/android.widget.EditText[4]'</msg>
<msg time="2025-08-01T23:10:24.698277" level="INFO">xpath criteria: //android.widget.FrameLayout[@resource-id="android:id/content"]/android.widget.FrameLayout/android.view.View/android.view.View/android.view.View/android.view.View/android.view.View[2]/android.view.View/android.widget.EditText[4]</msg>
<arg>${FORM_CATEGORIE}</arg>
<arg>Burgers</arg>
<doc>Types the given `text` into text field identified by `locator`.</doc>
<status status="PASS" start="2025-08-01T23:10:22.329723" elapsed="2.369632"/>
</kw>
<kw name="Wait Until Element Is Visible" owner="AppiumLibrary">
<msg time="2025-08-01T23:10:25.595157" level="INFO">xpath criteria: //android.widget.FrameLayout[@resource-id="android:id/content"]/android.widget.FrameLayout/android.view.View/android.view.View/android.view.View/android.view.View/android.view.View[2]/android.view.View/android.widget.EditText[5]</msg>
<arg>${FORM_URL}</arg>
<arg>10s</arg>
<doc>Waits until element specified with `locator` is visible.</doc>
<status status="PASS" start="2025-08-01T23:10:24.701266" elapsed="0.895976"/>
</kw>
<kw name="Click Element" owner="AppiumLibrary">
<msg time="2025-08-01T23:10:25.608063" level="INFO">Clicking element '//android.widget.FrameLayout[@resource-id="android:id/content"]/android.widget.FrameLayout/android.view.View/android.view.View/android.view.View/android.view.View/android.view.View[2]/android.view.View/android.widget.EditText[5]'.</msg>
<msg time="2025-08-01T23:10:26.366564" level="INFO">xpath criteria: //android.widget.FrameLayout[@resource-id="android:id/content"]/android.widget.FrameLayout/android.view.View/android.view.View/android.view.View/android.view.View/android.view.View[2]/android.view.View/android.widget.EditText[5]</msg>
<arg>${FORM_URL}</arg>
<doc>Click element identified by `locator`.</doc>
<status status="PASS" start="2025-08-01T23:10:25.598383" elapsed="0.768885"/>
</kw>
<kw name="Input Text" owner="AppiumLibrary">
<msg time="2025-08-01T23:10:26.374027" level="INFO">Typing text 'https://image.example.com/burger.png' into text field '//android.widget.FrameLayout[@resource-id="android:id/content"]/android.widget.FrameLayout/android.view.View/android.view.View/android.view.View/android.view.View/android.view.View[2]/android.view.View/android.widget.EditText[5]'</msg>
<msg time="2025-08-01T23:10:28.471421" level="INFO">xpath criteria: //android.widget.FrameLayout[@resource-id="android:id/content"]/android.widget.FrameLayout/android.view.View/android.view.View/android.view.View/android.view.View/android.view.View[2]/android.view.View/android.widget.EditText[5]</msg>
<arg>${FORM_URL}</arg>
<arg>https://image.example.com/burger.png</arg>
<doc>Types the given `text` into text field identified by `locator`.</doc>
<status status="PASS" start="2025-08-01T23:10:26.367814" elapsed="2.104272"/>
</kw>
<kw name="Wait Until Element Is Visible" owner="AppiumLibrary">
<arg>${FORM_BUTTON_ADD}</arg>
<arg>10s</arg>
<doc>Waits until element specified with `locator` is visible.</doc>
<status status="PASS" start="2025-08-01T23:10:28.472802" elapsed="0.973112"/>
</kw>
<kw name="Click Element" owner="AppiumLibrary">
<msg time="2025-08-01T23:10:29.451120" level="INFO">Clicking element 'accessibility_id=Ajouter'.</msg>
<arg>${FORM_BUTTON_ADD}</arg>
<doc>Click element identified by `locator`.</doc>
<status status="PASS" start="2025-08-01T23:10:29.446966" elapsed="1.088811"/>
</kw>
<status status="PASS" start="2025-08-01T23:10:00.632178" elapsed="29.905933"/>
</kw>
<kw name="Check Product" owner="common">
<kw name="Wait Until Page Contains Element" owner="AppiumLibrary">
<msg time="2025-08-01T23:10:32.787607" level="INFO">xpath criteria: //android.view.View[@content-desc="Liste des produits"]</msg>
<arg>${PRODUCTS_LIST_PAGE_TITLE}</arg>
<arg>5s</arg>
<doc>Waits until element specified with `locator` appears on current page.</doc>
<status status="PASS" start="2025-08-01T23:10:30.552337" elapsed="2.236163"/>
</kw>
<kw name="Click Element" owner="AppiumLibrary">
<msg time="2025-08-01T23:10:32.793868" level="INFO">Clicking element '//android.widget.ImageView[contains(@content-desc, "Fjallraven")]'.</msg>
<msg time="2025-08-01T23:10:34.882690" level="INFO">xpath criteria: //android.widget.ImageView[contains(@content-desc, "Fjallraven")]</msg>
<arg>${EXISTING_PRODUCT_VISIBLE}</arg>
<doc>Click element identified by `locator`.</doc>
<status status="PASS" start="2025-08-01T23:10:32.789535" elapsed="2.093895"/>
</kw>
<status status="PASS" start="2025-08-01T23:10:30.550888" elapsed="4.333493"/>
</kw>
<status status="PASS" start="2025-08-01T23:09:31.010556" elapsed="63.885415"/>
</test>
<status status="PASS" start="2025-08-01T23:08:20.785339" elapsed="134.131693"/>
</suite>
<statistics>
<total>
<stat pass="1" fail="0" skip="0">All Tests</stat>
</total>
<tag>
</tag>
<suite>
<stat name="Mobile" id="s1" pass="1" fail="0" skip="0">Mobile</stat>
</suite>
</statistics>
<errors>
</errors>
</robot>
